<?xml version="1.0" encoding="UTF-8"?>
<testng-results ignored="0" total="1" passed="1" failed="0" skipped="0">
  <reporter-output>
  </reporter-output>
  <suite started-at="2018-10-24T05:29:13Z" name="Default suite" finished-at="2018-10-24T05:29:15Z" duration-ms="2588">
    <groups>
    </groups>
    <test started-at="2018-10-24T05:29:13Z" name="Default test" finished-at="2018-10-24T05:29:15Z" duration-ms="2588">
      <class name="com.qa.tests.PostAPITest">
        <test-method is-config="true" signature="setUp()[pri:0, instance:com.qa.tests.PostAPITest@6db9f5a4]" started-at="2018-10-24T05:29:13Z" name="setUp" finished-at="2018-10-24T05:29:13Z" duration-ms="11" status="PASS">
          <reporter-output>
          </reporter-output>
        </test-method> <!-- setUp -->
        <test-method signature="postAPITest()[pri:0, instance:com.qa.tests.PostAPITest@6db9f5a4]" started-at="2018-10-24T05:29:13Z" name="postAPITest" finished-at="2018-10-24T05:29:15Z" duration-ms="2540" status="PASS">
          <reporter-output>
          </reporter-output>
        </test-method> <!-- postAPITest -->
      </class> <!-- com.qa.tests.PostAPITest -->
    </test> <!-- Default test -->
  </suite> <!-- Default suite -->
</testng-results>
